<?xml version="1.0" encoding="UTF-8"?>
<!-- Generated by org.testng.reporters.JUnitReportReporter -->
<testsuite hostname="DESKTOP-JAD9RHE" failures="0" tests="1" name="com.Edge196.TestScript.TC01_EDGE_196_Validdata" time="18.691" errors="0" timestamp="2024-07-03T16:13:38 IST" skipped="0">
  <testcase classname="com.Edge196.TestScript.TC01_EDGE_196_Validdata" name="VerifyValidData" time="18.691"/>
  <system-out/>
</testsuite> <!-- com.Edge196.TestScript.TC01_EDGE_196_Validdata -->
