<?xml version="1.0" encoding="UTF-8"?>
<!-- Generated by org.testng.reporters.JUnitReportReporter -->
<testsuite hostname="DESKTOP-JAD9RHE" failures="0" tests="1" name="com.Edge196.TestScript.TC02_InvestNow" time="14.311" errors="0" timestamp="2024-07-03T01:01:46 IST" skipped="0">
  <testcase classname="com.Edge196.TestScript.TC02_InvestNow" name="VerifyValidandInvalidData" time="14.311"/>
  <system-out/>
</testsuite> <!-- com.Edge196.TestScript.TC02_InvestNow -->
