<?xml version="1.0" encoding="UTF-8"?>
<!-- Generated by org.testng.reporters.JUnitReportReporter -->
<testsuite hostname="DESKTOP-JAD9RHE" failures="0" tests="1" name="com.Edge196.TestScript.TC01_DataValidation" time="9.420" errors="0" timestamp="2024-07-03T15:23:01 IST" skipped="0">
  <testcase classname="com.Edge196.TestScript.TC01_DataValidation" name="VerifywithInvalidData" time="9.420"/>
  <system-out/>
</testsuite> <!-- com.Edge196.TestScript.TC01_DataValidation -->
