<?xml version="1.0" encoding="UTF-8"?>
<!-- Generated by org.testng.reporters.JUnitReportReporter -->
<testsuite hostname="DESKTOP-JAD9RHE" failures="0" tests="1" name="com.Edge196.TestScript.TC02_EDGE_196_Invaliddata" time="8.180" errors="0" timestamp="2024-07-03T16:13:38 IST" skipped="0">
  <testcase classname="com.Edge196.TestScript.TC02_EDGE_196_Invaliddata" name="VerifywithInvalidData" time="8.180"/>
  <system-out/>
</testsuite> <!-- com.Edge196.TestScript.TC02_EDGE_196_Invaliddata -->
